<?xml version="1.0" encoding="UTF-8"?>
<!-- Generated by org.testng.reporters.JUnitReportReporter -->
<testsuite name="com.automation.practice.TestScripts.HomePageSignInCases" tests="1" time="8.909" ignored="0" failures="0" timestamp="21 Jun 2018 18:28:55 GMT" skipped="0" hostname="Ranjit" errors="0">
  <testcase name="loginTest" time="8.909" classname="com.automation.practice.TestScripts.HomePageSignInCases"/>
</testsuite> <!-- com.automation.practice.TestScripts.HomePageSignInCases -->
