<?xml version="1.0" encoding="UTF-8"?>
<!-- Generated by org.testng.reporters.JUnitReportReporter -->
<testsuite hostname="Ranjit" name="com.automation.practice.TestScripts.ForgotEmailIdTestCase" tests="1" failures="0" timestamp="21 Jun 2018 03:43:37 GMT" time="4.515" errors="0">
  <testcase name="forgotEmailId" time="4.515" classname="com.automation.practice.TestScripts.ForgotEmailIdTestCase"/>
</testsuite> <!-- com.automation.practice.TestScripts.ForgotEmailIdTestCase -->
