<?xml version="1.0" encoding="UTF-8"?>
<!-- Generated by org.testng.reporters.JUnitReportReporter -->
<testsuite name="com.automation.practice.TestScripts.EmptyCartTestCase" tests="1" time="0.119" ignored="0" failures="0" timestamp="21 Jun 2018 18:28:55 GMT" skipped="0" hostname="Ranjit" errors="0">
  <testcase name="emptyCartCheck" time="0.119" classname="com.automation.practice.TestScripts.EmptyCartTestCase"/>
</testsuite> <!-- com.automation.practice.TestScripts.EmptyCartTestCase -->
