<?xml version="1.0" encoding="UTF-8"?>
<!-- Generated by org.testng.reporters.JUnitReportReporter -->
<testsuite name="com.automation.practice.TestScripts.ContactUsPageTestCases" tests="1" time="6.498" ignored="0" failures="0" timestamp="21 Jun 2018 18:28:55 GMT" skipped="0" hostname="Ranjit" errors="0">
  <testcase name="chooseDropDownValue" time="6.498" classname="com.automation.practice.TestScripts.ContactUsPageTestCases"/>
</testsuite> <!-- com.automation.practice.TestScripts.ContactUsPageTestCases -->
