<?xml version="1.0" encoding="UTF-8"?>
<!-- Generated by org.testng.reporters.JUnitReportReporter -->
<testsuite hostname="Ranjit" name="com.automation.practice.TestScripts.HomePageSignInCases" tests="1" failures="0" timestamp="21 Jun 2018 03:43:37 GMT" time="8.690" errors="0">
  <testcase name="loginTest" time="8.690" classname="com.automation.practice.TestScripts.HomePageSignInCases"/>
</testsuite> <!-- com.automation.practice.TestScripts.HomePageSignInCases -->
