<?xml version="1.0" encoding="UTF-8"?>
<!-- Generated by org.testng.reporters.JUnitReportReporter -->
<testsuite hostname="Ranjit" name="com.automation.practice.TestScripts.LogoCheckTestCase" tests="1" failures="0" timestamp="21 Jun 2018 05:18:04 GMT" time="0.058" errors="0">
  <testcase name="LogoTest1" time="0.058" classname="com.automation.practice.TestScripts.LogoCheckTestCase"/>
</testsuite> <!-- com.automation.practice.TestScripts.LogoCheckTestCase -->
